[browser] ./src/app/page.tsx:3:1
Export Instagram doesn't exist in target module
   1 | import Image from "next/image";
   2 | import Link from "next/link";
>  3 | import {
     | ^^^^^^^
>  4 |   ArrowUpRight,
     | ^^^^^^^^^^^^^^^
>  5 |   CheckCircle2,
     | ^^^^^^^^^^^^^^^
>  6 |   Instagram,
     | ^^^^^^^^^^^^
>  7 |   MessageCircleMore,
     | ^^^^^^^^^^^^^^^^^^^^
>  8 |   Music4,
     | ^^^^^^^^^
>  9 |   ShieldCheck,
     | ^^^^^^^^^^^^^^
> 10 |   ShoppingBag,
     | ^^^^^^^^^^^^^^
> 11 |   Wallet,
     | ^^^^^^^^^
> 12 | } from "lucide-react";
     | ^^^^^^^^^^^^^^^^^^^^^^
  13 |
  14 | import { BrandLogo } from "@/components/brand-logo";
  15 | import { HeroBannerCarousel } from "@/components/hero-banner-carousel";

The export Instagram was not found in module [project]/node_modules/lucide-react/dist/esm/lucide-react.js [app-rsc] (ecmascript).
Did you mean to import Star?
All exports of the module are statically known (It doesn't have dynamic exports). So it's known statically that the requested export doesn't exist. 
    at handleErrors (file://D:/Kerjaan/Vibe Coding/.next/dev/static/chunks/node_modules_next_dist_client_0fhqo1d._.js:13828:21)
    at processMessage (file://D:/Kerjaan/Vibe Coding/.next/dev/static/chunks/node_modules_next_dist_client_0fhqo1d._.js:13891:21)
    at WebSocket.handleMessage (file://D:/Kerjaan/Vibe Coding/.next/dev/static/chunks/node_modules_next_dist_client_0fhqo1d._.js:13335:52) (file://D:/Kerjaan/Vibe Coding/.next/dev/static/chunks/node_modules_next_dist_client_0fhqo1d._.js:13828:21)
[browser] ./src/app/page.tsx:3:1
Export Instagram doesn't exist in target module
   1 | import Image from "next/image";
   2 | import Link from "next/link";
>  3 | import {
     | ^^^^^^^
>  4 |   ArrowUpRight,
     | ^^^^^^^^^^^^^^^
>  5 |   CheckCircle2,
     | ^^^^^^^^^^^^^^^
>  6 |   Instagram,
     | ^^^^^^^^^^^^
>  7 |   MessageCircleMore,
     | ^^^^^^^^^^^^^^^^^^^^
>  8 |   Music4,
     | ^^^^^^^^^
>  9 |   ShieldCheck,
     | ^^^^^^^^^^^^^^
> 10 |   ShoppingBag,
     | ^^^^^^^^^^^^^^
> 11 |   Wallet,
     | ^^^^^^^^^
> 12 | } from "lucide-react";
     | ^^^^^^^^^^^^^^^^^^^^^^
  13 |
  14 | import { BrandLogo } from "@/components/brand-logo";
  15 | import { HeroBannerCarousel } from "@/components/hero-banner-carousel";

The export Instagram was not found in module [project]/node_modules/lucide-react/dist/esm/lucide-react.js [app-rsc] (ecmascript).
Did you mean to import Star?
All exports of the module are statically known (It doesn't have dynamic exports). So it's known statically that the requested export doesn't exist. 
    at handleErrors (file://D:/Kerjaan/Vibe Coding/.next/dev/static/chunks/node_modules_next_dist_client_0fhqo1d._.js:13828:21)
    at processMessage (file://D:/Kerjaan/Vibe Coding/.next/dev/static/chunks/node_modules_next_dist_client_0fhqo1d._.js:13891:21)
    at WebSocket.handleMessage (file://D:/Kerjaan/Vibe Coding/.next/dev/static/chunks/node_modules_next_dist_client_0fhqo1d._.js:13335:52) (file://D:/Kerjaan/Vibe Coding/.next/dev/static/chunks/node_modules_next_dist_client_0fhqo1d._.js:13828:21)
[browser] ./src/app/page.tsx:3:1
Export Instagram doesn't exist in target module
   1 | import Image from "next/image";
   2 | import Link from "next/link";
>  3 | import {
     | ^^^^^^^
>  4 |   ArrowUpRight,
     | ^^^^^^^^^^^^^^^
>  5 |   CheckCircle2,
     | ^^^^^^^^^^^^^^^
>  6 |   Instagram,
     | ^^^^^^^^^^^^
>  7 |   MessageCircleMore,
     | ^^^^^^^^^^^^^^^^^^^^
>  8 |   Music4,
     | ^^^^^^^^^
>  9 |   ShieldCheck,
     | ^^^^^^^^^^^^^^
> 10 |   ShoppingBag,
     | ^^^^^^^^^^^^^^
> 11 |   Wallet,
     | ^^^^^^^^^
> 12 | } from "lucide-react";
     | ^^^^^^^^^^^^^^^^^^^^^^
  13 |
  14 | import { BrandLogo } from "@/components/brand-logo";
  15 | import { HeroBannerCarousel } from "@/components/hero-banner-carousel";

The export Instagram was not found in module [project]/node_modules/lucide-react/dist/esm/lucide-react.js [app-rsc] (ecmascript).
Did you mean to import Star?
All exports of the module are statically known (It doesn't have dynamic exports). So it's known statically that the requested export doesn't exist. 
    at handleErrors (file://D:/Kerjaan/Vibe Coding/.next/dev/static/chunks/node_modules_next_dist_client_0fhqo1d._.js:13828:21)
    at processMessage (file://D:/Kerjaan/Vibe Coding/.next/dev/static/chunks/node_modules_next_dist_client_0fhqo1d._.js:13891:21)
    at WebSocket.handleMessage (file://D:/Kerjaan/Vibe Coding/.next/dev/static/chunks/node_modules_next_dist_client_0fhqo1d._.js:13335:52) (file://D:/Kerjaan/Vibe Coding/.next/dev/static/chunks/node_modules_next_dist_client_0fhqo1d._.js:13828:21)
[browser] ./src/app/page.tsx:3:1
Export Instagram doesn't exist in target module
   1 | import Image from "next/image";
   2 | import Link from "next/link";
>  3 | import {
     | ^^^^^^^
>  4 |   ArrowUpRight,
     | ^^^^^^^^^^^^^^^
>  5 |   CheckCircle2,
     | ^^^^^^^^^^^^^^^
>  6 |   Instagram,
     | ^^^^^^^^^^^^
>  7 |   MessageCircleMore,
     | ^^^^^^^^^^^^^^^^^^^^
>  8 |   Music4,
     | ^^^^^^^^^
>  9 |   ShieldCheck,
     | ^^^^^^^^^^^^^^
> 10 |   ShoppingBag,
     | ^^^^^^^^^^^^^^
> 11 |   Wallet,
     | ^^^^^^^^^
> 12 | } from "lucide-react";
     | ^^^^^^^^^^^^^^^^^^^^^^
  13 |
  14 | import { BrandLogo } from "@/components/brand-logo";
  15 | import { HeroBannerCarousel } from "@/components/hero-banner-carousel";

The export Instagram was not found in module [project]/node_modules/lucide-react/dist/esm/lucide-react.js [app-rsc] (ecmascript).
Did you mean to import Star?
All exports of the module are statically known (It doesn't have dynamic exports). So it's known statically that the requested export doesn't exist. 
    at handleErrors (file://D:/Kerjaan/Vibe Coding/.next/dev/static/chunks/node_modules_next_dist_client_0fhqo1d._.js:13828:21)
    at processMessage (file://D:/Kerjaan/Vibe Coding/.next/dev/static/chunks/node_modules_next_dist_client_0fhqo1d._.js:13891:21)
    at WebSocket.handleMessage (file://D:/Kerjaan/Vibe Coding/.next/dev/static/chunks/node_modules_next_dist_client_0fhqo1d._.js:13335:52) (file://D:/Kerjaan/Vibe Coding/.next/dev/static/chunks/node_modules_next_dist_client_0fhqo1d._.js:13828:21)
[browser] ./src/app/page.tsx:3:1
Export Instagram doesn't exist in target module
   1 | import Image from "next/image";
   2 | import Link from "next/link";
>  3 | import {
     | ^^^^^^^
>  4 |   ArrowUpRight,
     | ^^^^^^^^^^^^^^^
>  5 |   CheckCircle2,
     | ^^^^^^^^^^^^^^^
>  6 |   Instagram,
     | ^^^^^^^^^^^^
>  7 |   MessageCircleMore,
     | ^^^^^^^^^^^^^^^^^^^^
>  8 |   Music4,
     | ^^^^^^^^^
>  9 |   ShieldCheck,
     | ^^^^^^^^^^^^^^
> 10 |   ShoppingBag,
     | ^^^^^^^^^^^^^^
> 11 |   Wallet,
     | ^^^^^^^^^
> 12 | } from "lucide-react";
     | ^^^^^^^^^^^^^^^^^^^^^^
  13 |
  14 | import { BrandLogo } from "@/components/brand-logo";
  15 | import { HeroBannerCarousel } from "@/components/hero-banner-carousel";

The export Instagram was not found in module [project]/node_modules/lucide-react/dist/esm/lucide-react.js [app-rsc] (ecmascript).
Did you mean to import Star?
All exports of the module are statically known (It doesn't have dynamic exports). So it's known statically that the requested export doesn't exist. 
    at handleErrors (file://D:/Kerjaan/Vibe Coding/.next/dev/static/chunks/node_modules_next_dist_client_0fhqo1d._.js:13828:21)
    at processMessage (file://D:/Kerjaan/Vibe Coding/.next/dev/static/chunks/node_modules_next_dist_client_0fhqo1d._.js:13891:21)
    at WebSocket.handleMessage (file://D:/Kerjaan/Vibe Coding/.next/dev/static/chunks/node_modules_next_dist_client_0fhqo1d._.js:13335:52) (file://D:/Kerjaan/Vibe Coding/.next/dev/static/chunks/node_modules_next_dist_client_0fhqo1d._.js:13828:21)
[browser] ./src/app/page.tsx:3:1
Export Instagram doesn't exist in target module
   1 | import Image from "next/image";
   2 | import Link from "next/link";
>  3 | import {
     | ^^^^^^^
>  4 |   ArrowUpRight,
     | ^^^^^^^^^^^^^^^
>  5 |   CheckCircle2,
     | ^^^^^^^^^^^^^^^
>  6 |   Instagram,
     | ^^^^^^^^^^^^
>  7 |   MessageCircleMore,
     | ^^^^^^^^^^^^^^^^^^^^
>  8 |   Music4,
     | ^^^^^^^^^
>  9 |   ShieldCheck,
     | ^^^^^^^^^^^^^^
> 10 |   ShoppingBag,
     | ^^^^^^^^^^^^^^
> 11 |   Wallet,
     | ^^^^^^^^^
> 12 | } from "lucide-react";
     | ^^^^^^^^^^^^^^^^^^^^^^
  13 |
  14 | import { BrandLogo } from "@/components/brand-logo";
  15 | import { HeroBannerCarousel } from "@/components/hero-banner-carousel";

The export Instagram was not found in module [project]/node_modules/lucide-react/dist/esm/lucide-react.js [app-rsc] (ecmascript).
Did you mean to import Star?
All exports of the module are statically known (It doesn't have dynamic exports). So it's known statically that the requested export doesn't exist. 
    at handleErrors (file://D:/Kerjaan/Vibe Coding/.next/dev/static/chunks/node_modules_next_dist_client_0fhqo1d._.js:13828:21)
    at processMessage (file://D:/Kerjaan/Vibe Coding/.next/dev/static/chunks/node_modules_next_dist_client_0fhqo1d._.js:13891:21)
    at WebSocket.handleMessage (file://D:/Kerjaan/Vibe Coding/.next/dev/static/chunks/node_modules_next_dist_client_0fhqo1d._.js:13335:52) (file://D:/Kerjaan/Vibe Coding/.next/dev/static/chunks/node_modules_next_dist_client_0fhqo1d._.js:13828:21)
[browser] ./src/app/page.tsx:3:1
Export Instagram doesn't exist in target module
   1 | import Image from "next/image";
   2 | import Link from "next/link";
>  3 | import {
     | ^^^^^^^
>  4 |   ArrowUpRight,
     | ^^^^^^^^^^^^^^^
>  5 |   CheckCircle2,
     | ^^^^^^^^^^^^^^^
>  6 |   Instagram,
     | ^^^^^^^^^^^^
>  7 |   MessageCircleMore,
     | ^^^^^^^^^^^^^^^^^^^^
>  8 |   Music4,
     | ^^^^^^^^^
>  9 |   ShieldCheck,
     | ^^^^^^^^^^^^^^
> 10 |   ShoppingBag,
     | ^^^^^^^^^^^^^^
> 11 |   Wallet,
     | ^^^^^^^^^
> 12 | } from "lucide-react";
     | ^^^^^^^^^^^^^^^^^^^^^^
  13 |
  14 | import { BrandLogo } from "@/components/brand-logo";
  15 | import { HeroBannerCarousel } from "@/components/hero-banner-carousel";

The export Instagram was not found in module [project]/node_modules/lucide-react/dist/esm/lucide-react.js [app-rsc] (ecmascript).
Did you mean to import Star?
All exports of the module are statically known (It doesn't have dynamic exports). So it's known statically that the requested export doesn't exist. 
    at handleErrors (file://D:/Kerjaan/Vibe Coding/.next/dev/static/chunks/node_modules_next_dist_client_0fhqo1d._.js:13828:21)
    at processMessage (file://D:/Kerjaan/Vibe Coding/.next/dev/static/chunks/node_modules_next_dist_client_0fhqo1d._.js:13891:21)
    at WebSocket.handleMessage (file://D:/Kerjaan/Vibe Coding/.next/dev/static/chunks/node_modules_next_dist_client_0fhqo1d._.js:13335:52) (file://D:/Kerjaan/Vibe Coding/.next/dev/static/chunks/node_modules_next_dist_client_0fhqo1d._.js:13828:21)
[browser] ./src/app/page.tsx:3:1
Export Instagram doesn't exist in target module
   1 | import Image from "next/image";
   2 | import Link from "next/link";
>  3 | import {
     | ^^^^^^^
>  4 |   ArrowUpRight,
     | ^^^^^^^^^^^^^^^
>  5 |   CheckCircle2,
     | ^^^^^^^^^^^^^^^
>  6 |   Instagram,
     | ^^^^^^^^^^^^
>  7 |   MessageCircleMore,
     | ^^^^^^^^^^^^^^^^^^^^
>  8 |   Music4,
     | ^^^^^^^^^
>  9 |   ShieldCheck,
     | ^^^^^^^^^^^^^^
> 10 |   ShoppingBag,
     | ^^^^^^^^^^^^^^
> 11 |   Wallet,
     | ^^^^^^^^^
> 12 | } from "lucide-react";
     | ^^^^^^^^^^^^^^^^^^^^^^
  13 |
  14 | import { BrandLogo } from "@/components/brand-logo";
  15 | import { HeroBannerCarousel } from "@/components/hero-banner-carousel";

The export Instagram was not found in module [project]/node_modules/lucide-react/dist/esm/lucide-react.js [app-rsc] (ecmascript).
Did you mean to import Star?
All exports of the module are statically known (It doesn't have dynamic exports). So it's known statically that the requested export doesn't exist. 
    at handleErrors (file://D:/Kerjaan/Vibe Coding/.next/dev/static/chunks/node_modules_next_dist_client_0fhqo1d._.js:13828:21)
    at processMessage (file://D:/Kerjaan/Vibe Coding/.next/dev/static/chunks/node_modules_next_dist_client_0fhqo1d._.js:13891:21)
    at WebSocket.handleMessage (file://D:/Kerjaan/Vibe Coding/.next/dev/static/chunks/node_modules_next_dist_client_0fhqo1d._.js:13335:52) (file://D:/Kerjaan/Vibe Coding/.next/dev/static/chunks/node_modules_next_dist_client_0fhqo1d._.js:13828:21)
[browser] ./src/app/page.tsx:3:1
Export Instagram doesn't exist in target module
   1 | import Image from "next/image";
   2 | import Link from "next/link";
>  3 | import {
     | ^^^^^^^
>  4 |   ArrowUpRight,
     | ^^^^^^^^^^^^^^^
>  5 |   CheckCircle2,
     | ^^^^^^^^^^^^^^^
>  6 |   Instagram,
     | ^^^^^^^^^^^^
>  7 |   MessageCircleMore,
     | ^^^^^^^^^^^^^^^^^^^^
>  8 |   Music4,
     | ^^^^^^^^^
>  9 |   ShieldCheck,
     | ^^^^^^^^^^^^^^
> 10 |   ShoppingBag,
     | ^^^^^^^^^^^^^^
> 11 |   Wallet,
     | ^^^^^^^^^
> 12 | } from "lucide-react";
     | ^^^^^^^^^^^^^^^^^^^^^^
  13 |
  14 | import { BrandLogo } from "@/components/brand-logo";
  15 | import { HeroBannerCarousel } from "@/components/hero-banner-carousel";

The export Instagram was not found in module [project]/node_modules/lucide-react/dist/esm/lucide-react.js [app-rsc] (ecmascript).
Did you mean to import Star?
All exports of the module are statically known (It doesn't have dynamic exports). So it's known statically that the requested export doesn't exist. 
    at handleErrors (file://D:/Kerjaan/Vibe Coding/.next/dev/static/chunks/node_modules_next_dist_client_0fhqo1d._.js:13828:21)
    at processMessage (file://D:/Kerjaan/Vibe Coding/.next/dev/static/chunks/node_modules_next_dist_client_0fhqo1d._.js:13891:21)
    at WebSocket.handleMessage (file://D:/Kerjaan/Vibe Coding/.next/dev/static/chunks/node_modules_next_dist_client_0fhqo1d._.js:13335:52) (file://D:/Kerjaan/Vibe Coding/.next/dev/static/chunks/node_modules_next_dist_client_0fhqo1d._.js:13828:21)
[browser] ./src/app/page.tsx:3:1
Export Instagram doesn't exist in target module
   1 | import Image from "next/image";
   2 | import Link from "next/link";
>  3 | import {
     | ^^^^^^^
>  4 |   ArrowUpRight,
     | ^^^^^^^^^^^^^^^
>  5 |   CheckCircle2,
     | ^^^^^^^^^^^^^^^
>  6 |   Instagram,
     | ^^^^^^^^^^^^
>  7 |   MessageCircleMore,
     | ^^^^^^^^^^^^^^^^^^^^
>  8 |   Music4,
     | ^^^^^^^^^
>  9 |   ShieldCheck,
     | ^^^^^^^^^^^^^^
> 10 |   ShoppingBag,
     | ^^^^^^^^^^^^^^
> 11 |   Wallet,
     | ^^^^^^^^^
> 12 | } from "lucide-react";
     | ^^^^^^^^^^^^^^^^^^^^^^
  13 |
  14 | import { BrandLogo } from "@/components/brand-logo";
  15 | import { HeroBannerCarousel } from "@/components/hero-banner-carousel";

The export Instagram was not found in module [project]/node_modules/lucide-react/dist/esm/lucide-react.js [app-rsc] (ecmascript).
Did you mean to import Star?
All exports of the module are statically known (It doesn't have dynamic exports). So it's known statically that the requested export doesn't exist. 
    at handleErrors (file://D:/Kerjaan/Vibe Coding/.next/dev/static/chunks/node_modules_next_dist_client_0fhqo1d._.js:13828:21)
    at processMessage (file://D:/Kerjaan/Vibe Coding/.next/dev/static/chunks/node_modules_next_dist_client_0fhqo1d._.js:13891:21)
    at WebSocket.handleMessage (file://D:/Kerjaan/Vibe Coding/.next/dev/static/chunks/node_modules_next_dist_client_0fhqo1d._.js:13335:52) (file://D:/Kerjaan/Vibe Coding/.next/dev/static/chunks/node_modules_next_dist_client_0fhqo1d._.js:13828:21)
[browser] Image with src "/uploads/feed-nb-2.png" has "fill" but is missing "sizes" prop. Please add it to improve page performance. Read more: https://nextjs.org/docs/api-reference/next/image#sizes (file://D:/Kerjaan/Vibe Coding/.next/dev/static/chunks/node_modules_next_dist_115brz8._.js:2431:13)
[browser] Image with src "/uploads/feed-nb.png" has "fill" but is missing "sizes" prop. Please add it to improve page performance. Read more: https://nextjs.org/docs/api-reference/next/image#sizes (file://D:/Kerjaan/Vibe Coding/.next/dev/static/chunks/node_modules_next_dist_115brz8._.js:2431:13)
[browser] A tree hydrated but some attributes of the server rendered HTML didn't match the client properties. This won't be patched up. This can happen if a SSR-ed Client Component used:

- A server/client branch `if (typeof window !== 'undefined')`.
- Variable input such as `Date.now()` or `Math.random()` which changes each time it's called.
- Date formatting in a user's locale which doesn't match the server.
- External changing data without sending a snapshot of it along with the HTML.
- Invalid HTML tag nesting.

It can also happen if the client has a browser extension installed which messes with the HTML before React loaded.

https://react.dev/link/hydration-mismatch

  ...
    <HotReload globalError={[...]} webSocket={WebSocket} staticIndicatorState={{pathname:null, ...}}>
      <AppDevOverlayErrorBoundary globalError={[...]}>
        <ReplaySsrOnlyErrors>
        <DevRootHTTPAccessFallbackBoundary>
          <HTTPAccessFallbackBoundary notFound={<NotAllowedRootHTTPFallbackError>}>
            <HTTPAccessFallbackErrorBoundary pathname="/" notFound={<NotAllowedRootHTTPFallbackError>} ...>
              <RedirectBoundary>
                <RedirectErrorBoundary router={{...}}>
                  <Head>
                  <__next_root_layout_boundary__>
                    <SegmentViewNode type="layout" pagePath="layout.tsx">
                      <SegmentTrieNode>
                      <link>
                      <script>
                      <script>
                      <RootLayout>
                        <html lang="id" className="plus_jakar...">
                          <body
                            className="min-h-full flex flex-col"
-                           data-new-gr-c-s-check-loaded="14.1283.0"
-                           data-gr-ext-installed=""
                          >
                  ...
 
    at <unknown> (file://D:/Kerjaan/Vibe Coding/.next/dev/static/chunks/node_modules_next_dist_compiled_react-dom_058-ah~._.js:3439:25)
    at runWithFiberInDEV (file://D:/Kerjaan/Vibe Coding/.next/dev/static/chunks/node_modules_next_dist_compiled_react-dom_058-ah~._.js:965:74)
    at emitPendingHydrationWarnings (file://D:/Kerjaan/Vibe Coding/.next/dev/static/chunks/node_modules_next_dist_compiled_react-dom_058-ah~._.js:3438:13)
    at completeWork (file://D:/Kerjaan/Vibe Coding/.next/dev/static/chunks/node_modules_next_dist_compiled_react-dom_058-ah~._.js:6885:102)
    at runWithFiberInDEV (file://D:/Kerjaan/Vibe Coding/.next/dev/static/chunks/node_modules_next_dist_compiled_react-dom_058-ah~._.js:965:131)
    at completeUnitOfWork (file://D:/Kerjaan/Vibe Coding/.next/dev/static/chunks/node_modules_next_dist_compiled_react-dom_058-ah~._.js:9622:23)
    at performUnitOfWork (file://D:/Kerjaan/Vibe Coding/.next/dev/static/chunks/node_modules_next_dist_compiled_react-dom_058-ah~._.js:9557:28)
    at workLoopConcurrentByScheduler (file://D:/Kerjaan/Vibe Coding/.next/dev/static/chunks/node_modules_next_dist_compiled_react-dom_058-ah~._.js:9551:58)
    at renderRootConcurrent (file://D:/Kerjaan/Vibe Coding/.next/dev/static/chunks/node_modules_next_dist_compiled_react-dom_058-ah~._.js:9534:71)
    at performWorkOnRoot (file://D:/Kerjaan/Vibe Coding/.next/dev/static/chunks/node_modules_next_dist_compiled_react-dom_058-ah~._.js:9061:150)
    at performWorkOnRootViaSchedulerTask (file://D:/Kerjaan/Vibe Coding/.next/dev/static/chunks/node_modules_next_dist_compiled_react-dom_058-ah~._.js:10255:9)
    at MessagePort.performWorkUntilDeadline (file://D:/Kerjaan/Vibe Coding/.next/dev/static/chunks/node_modules_next_dist_compiled_0rpq4pf._.js:2647:64) (file://D:/Kerjaan/Vibe Coding/.next/dev/static/chunks/node_modules_next_dist_compiled_react-dom_058-ah~._.js:3439:25)
[browser] Image with src "/uploads/feed-nb.png" has "fill" but is missing "sizes" prop. Please add it to improve page performance. Read more: https://nextjs.org/docs/api-reference/next/image#sizes (file://D:/Kerjaan/Vibe Coding/.next/dev/static/chunks/node_modules_next_dist_115brz8._.js:2431:13)
[browser] A tree hydrated but some attributes of the server rendered HTML didn't match the client properties. This won't be patched up. This can happen if a SSR-ed Client Component used:

- A server/client branch `if (typeof window !== 'undefined')`.
- Variable input such as `Date.now()` or `Math.random()` which changes each time it's called.
- Date formatting in a user's locale which doesn't match the server.
- External changing data without sending a snapshot of it along with the HTML.
- Invalid HTML tag nesting.

It can also happen if the client has a browser extension installed which messes with the HTML before React loaded.

https://react.dev/link/hydration-mismatch

  ...
    <HotReload globalError={[...]} webSocket={WebSocket} staticIndicatorState={{pathname:null, ...}}>
      <AppDevOverlayErrorBoundary globalError={[...]}>
        <ReplaySsrOnlyErrors>
        <DevRootHTTPAccessFallbackBoundary>
          <HTTPAccessFallbackBoundary notFound={<NotAllowedRootHTTPFallbackError>}>
            <HTTPAccessFallbackErrorBoundary pathname="/" notFound={<NotAllowedRootHTTPFallbackError>} ...>
              <RedirectBoundary>
                <RedirectErrorBoundary router={{...}}>
                  <Head>
                  <__next_root_layout_boundary__>
                    <SegmentViewNode type="layout" pagePath="layout.tsx">
                      <SegmentTrieNode>
                      <link>
                      <script>
                      <script>
                      <RootLayout>
                        <html lang="id" className="plus_jakar...">
                          <body
                            className="min-h-full flex flex-col"
-                           data-new-gr-c-s-check-loaded="14.1283.0"
-                           data-gr-ext-installed=""
                          >
                  ...
 
    at <unknown> (file://D:/Kerjaan/Vibe Coding/.next/dev/static/chunks/node_modules_next_dist_compiled_react-dom_058-ah~._.js:3439:25)
    at runWithFiberInDEV (file://D:/Kerjaan/Vibe Coding/.next/dev/static/chunks/node_modules_next_dist_compiled_react-dom_058-ah~._.js:965:74)
    at emitPendingHydrationWarnings (file://D:/Kerjaan/Vibe Coding/.next/dev/static/chunks/node_modules_next_dist_compiled_react-dom_058-ah~._.js:3438:13)
    at completeWork (file://D:/Kerjaan/Vibe Coding/.next/dev/static/chunks/node_modules_next_dist_compiled_react-dom_058-ah~._.js:6885:102)
    at runWithFiberInDEV (file://D:/Kerjaan/Vibe Coding/.next/dev/static/chunks/node_modules_next_dist_compiled_react-dom_058-ah~._.js:965:131)
    at completeUnitOfWork (file://D:/Kerjaan/Vibe Coding/.next/dev/static/chunks/node_modules_next_dist_compiled_react-dom_058-ah~._.js:9622:23)
    at performUnitOfWork (file://D:/Kerjaan/Vibe Coding/.next/dev/static/chunks/node_modules_next_dist_compiled_react-dom_058-ah~._.js:9557:28)
    at workLoopConcurrentByScheduler (file://D:/Kerjaan/Vibe Coding/.next/dev/static/chunks/node_modules_next_dist_compiled_react-dom_058-ah~._.js:9551:58)
    at renderRootConcurrent (file://D:/Kerjaan/Vibe Coding/.next/dev/static/chunks/node_modules_next_dist_compiled_react-dom_058-ah~._.js:9534:71)
    at performWorkOnRoot (file://D:/Kerjaan/Vibe Coding/.next/dev/static/chunks/node_modules_next_dist_compiled_react-dom_058-ah~._.js:9061:150)
    at performWorkOnRootViaSchedulerTask (file://D:/Kerjaan/Vibe Coding/.next/dev/static/chunks/node_modules_next_dist_compiled_react-dom_058-ah~._.js:10255:9)
    at MessagePort.performWorkUntilDeadline (file://D:/Kerjaan/Vibe Coding/.next/dev/static/chunks/node_modules_next_dist_compiled_0rpq4pf._.js:2647:64) (file://D:/Kerjaan/Vibe Coding/.next/dev/static/chunks/node_modules_next_dist_compiled_react-dom_058-ah~._.js:3439:25)
[browser] Image with src "/uploads/feed-nb.png" has "fill" but is missing "sizes" prop. Please add it to improve page performance. Read more: https://nextjs.org/docs/api-reference/next/image#sizes (file://D:/Kerjaan/Vibe Coding/.next/dev/static/chunks/node_modules_next_dist_115brz8._.js:2431:13)
[browser] Image with src "/uploads/feed-nb-2.png" has "fill" but is missing "sizes" prop. Please add it to improve page performance. Read more: https://nextjs.org/docs/api-reference/next/image#sizes (file://D:/Kerjaan/Vibe Coding/.next/dev/static/chunks/node_modules_next_dist_115brz8._.js:2431:13)
